<?xml version="1.0" encoding="UTF-8"?>
<testng-results ignored="0" total="1" passed="1" failed="0" skipped="0">
  <reporter-output>
  </reporter-output>
  <suite started-at="2024-04-04T11:09:27 IST" name="Default suite" finished-at="2024-04-04T11:09:51 IST" duration-ms="23643">
    <groups>
    </groups>
    <test started-at="2024-04-04T11:09:27 IST" name="Default test" finished-at="2024-04-04T11:09:51 IST" duration-ms="23643">
      <class name="test_cases.Test_case_1">
        <test-method is-config="true" signature="app_launch()[pri:0, instance:test_cases.Test_case_1@d737b89]" started-at="2024-04-04T11:09:27 IST" name="app_launch" finished-at="2024-04-04T11:09:49 IST" duration-ms="21295" status="PASS">
          <reporter-output>
          </reporter-output>
        </test-method> <!-- app_launch -->
        <test-method signature="login()[pri:0, instance:test_cases.Test_case_1@d737b89]" started-at="2024-04-04T11:09:49 IST" name="login" finished-at="2024-04-04T11:09:51 IST" duration-ms="2026" status="PASS">
          <reporter-output>
          </reporter-output>
        </test-method> <!-- login -->
        <test-method is-config="true" signature="app_close()[pri:0, instance:test_cases.Test_case_1@d737b89]" started-at="2024-04-04T11:09:51 IST" name="app_close" finished-at="2024-04-04T11:09:51 IST" duration-ms="249" status="PASS">
          <reporter-output>
          </reporter-output>
        </test-method> <!-- app_close -->
      </class> <!-- test_cases.Test_case_1 -->
    </test> <!-- Default test -->
  </suite> <!-- Default suite -->
</testng-results>
